e:\رابعة حاسبات\computer graphics\labs\assignment 2\assignment 2\debug\assignment 2.pch
e:\رابعة حاسبات\computer graphics\labs\assignment 2\assignment 2\debug\vc141.pdb
e:\رابعة حاسبات\computer graphics\labs\assignment 2\assignment 2\debug\stdafx.obj
e:\رابعة حاسبات\computer graphics\labs\assignment 2\assignment 2\debug\assignment 2.obj
e:\رابعة حاسبات\computer graphics\labs\assignment 2\assignment 2\debug\assemblyinfo.obj
e:\رابعة حاسبات\computer graphics\labs\assignment 2\assignment 2\debug\.netframework,version=v4.6.1.assemblyattributes.obj
e:\رابعة حاسبات\computer graphics\labs\assignment 2\assignment 2\debug\.netframework,version=v4.6.1.assemblyattributes.asm
e:\رابعة حاسبات\computer graphics\labs\assignment 2\debug\assignment 2.exe
e:\رابعة حاسبات\computer graphics\labs\assignment 2\debug\assignment 2.pdb
e:\رابعة حاسبات\computer graphics\labs\assignment 2\assignment 2\debug\app.res
e:\رابعة حاسبات\computer graphics\labs\assignment 2\assignment 2\debug\assignment 2.tlog\cl.command.1.tlog
e:\رابعة حاسبات\computer graphics\labs\assignment 2\assignment 2\debug\assignment 2.tlog\cl.read.1.tlog
e:\رابعة حاسبات\computer graphics\labs\assignment 2\assignment 2\debug\assignment 2.tlog\cl.write.1.tlog
e:\رابعة حاسبات\computer graphics\labs\assignment 2\assignment 2\debug\assignment 2.tlog\link.command.1.tlog
e:\رابعة حاسبات\computer graphics\labs\assignment 2\assignment 2\debug\assignment 2.tlog\link.read.1.tlog
e:\رابعة حاسبات\computer graphics\labs\assignment 2\assignment 2\debug\assignment 2.tlog\link.write.1.tlog
e:\رابعة حاسبات\computer graphics\labs\assignment 2\assignment 2\debug\assignment 2.tlog\metagen.read.1.tlog
e:\رابعة حاسبات\computer graphics\labs\assignment 2\assignment 2\debug\assignment 2.tlog\metagen.write.1.tlog
e:\رابعة حاسبات\computer graphics\labs\assignment 2\assignment 2\debug\assignment 2.tlog\rc.command.1.tlog
e:\رابعة حاسبات\computer graphics\labs\assignment 2\assignment 2\debug\assignment 2.tlog\rc.read.1.tlog
e:\رابعة حاسبات\computer graphics\labs\assignment 2\assignment 2\debug\assignment 2.tlog\rc.write.1.tlog
